[WARN] [1782226052.782581632] [kdl_parser]: The root link base_link has an inertia specified in the URDF, but KDL does not support a root link with an inertia.  As a workaround, you can add an extra dummy link to your URDF.
[INFO] [1782226052.783304048] [robot_state_publisher]: got segment base_link
[INFO] [1782226052.783527309] [robot_state_publisher]: got segment base_link_frd
[INFO] [1782226052.783573841] [robot_state_publisher]: got segment camera_left_link
[INFO] [1782226052.783601330] [robot_state_publisher]: got segment camera_left_optical_link
[INFO] [1782226052.783629154] [robot_state_publisher]: got segment camera_right_link
[INFO] [1782226052.783654518] [robot_state_publisher]: got segment camera_right_optical_link
[INFO] [1782226052.783681081] [robot_state_publisher]: got segment dvl_link
[INFO] [1782226052.783706774] [robot_state_publisher]: got segment fls_link
[INFO] [1782226052.783735836] [robot_state_publisher]: got segment imu_link
[INFO] [1782226052.783759571] [robot_state_publisher]: got segment mbes_link
[INFO] [1782226052.784082099] [robot_state_publisher]: got segment pressure_link
[INFO] [1782226052.784115495] [robot_state_publisher]: got segment sss_port_link
[INFO] [1782226052.784140771] [robot_state_publisher]: got segment sss_stbd_link
[INFO] [1782226052.784165443] [robot_state_publisher]: got segment thruster1
[INFO] [1782226052.784191032] [robot_state_publisher]: got segment thruster1_prop
[INFO] [1782226052.784215964] [robot_state_publisher]: got segment thruster2
[INFO] [1782226052.784241777] [robot_state_publisher]: got segment thruster2_prop
[INFO] [1782226052.784266021] [robot_state_publisher]: got segment thruster3
[INFO] [1782226052.784292126] [robot_state_publisher]: got segment thruster3_prop
[INFO] [1782226052.784316032] [robot_state_publisher]: got segment thruster4
[INFO] [1782226052.784340616] [robot_state_publisher]: got segment thruster4_prop
[INFO] [1782226052.784363871] [robot_state_publisher]: got segment thruster5
[INFO] [1782226052.784388845] [robot_state_publisher]: got segment thruster5_prop
[INFO] [1782226052.784412705] [robot_state_publisher]: got segment thruster6
[INFO] [1782226052.784437465] [robot_state_publisher]: got segment thruster6_prop
[INFO] [1782226052.784461075] [robot_state_publisher]: got segment usbl_link
[INFO] [1782226136.683579689] [rclcpp]: signal_handler(SIGINT/SIGTERM)
